[debug] [2018-04-19T20:35:03.048Z] ----------------------------------------------------------------------
[debug] [2018-04-19T20:35:03.052Z] Command:       C:\Program Files\nodejs\node.exe C:\Users\VagnerSilva\AppData\Roaming\npm\node_modules\firebase-tools\bin\firebase deploy
[debug] [2018-04-19T20:35:03.052Z] CLI Version:   3.18.4
[debug] [2018-04-19T20:35:03.052Z] Platform:      win32
[debug] [2018-04-19T20:35:03.052Z] Node Version:  v9.5.0
[debug] [2018-04-19T20:35:03.052Z] Time:          Thu Apr 19 2018 17:35:03 GMT-0300 (Hora oficial do Brasil)
[debug] [2018-04-19T20:35:03.052Z] ----------------------------------------------------------------------
[debug] 
[debug] [2018-04-19T20:35:03.064Z] > command requires scopes: ["email","openid","https://www.googleapis.com/auth/cloudplatformprojects.readonly","https://www.googleapis.com/auth/firebase","https://www.googleapis.com/auth/cloud-platform"]
[debug] [2018-04-19T20:35:03.064Z] > authorizing via signed-in user
[debug] [2018-04-19T20:35:03.066Z] > refreshing access token with scopes: ["email","https://www.googleapis.com/auth/cloud-platform","https://www.googleapis.com/auth/cloudplatformprojects.readonly","https://www.googleapis.com/auth/firebase","openid"]
[debug] [2018-04-19T20:35:03.066Z] >>> HTTP REQUEST POST https://www.googleapis.com/oauth2/v3/token  
 { refresh_token: '1/wC5BzoI3nT_FmubYhPpv_IKNtWqqTnhJMBBvLsYNhlo',
  client_id: '563584335869-fgrhgmd47bqnekij5i8b5pr03ho849e6.apps.googleusercontent.com',
  client_secret: 'j9iVZfS8kkCEFUPaAeJV0sAi',
  grant_type: 'refresh_token',
  scope: 'email https://www.googleapis.com/auth/cloud-platform https://www.googleapis.com/auth/cloudplatformprojects.readonly https://www.googleapis.com/auth/firebase openid' } 
 Thu Apr 19 2018 17:35:03 GMT-0300 (Hora oficial do Brasil)
[debug] [2018-04-19T20:35:03.709Z] <<< HTTP RESPONSE 200
[debug] [2018-04-19T20:35:03.742Z] >>> HTTP REQUEST GET https://admin.firebase.com/v1/projects/assignment3-mvp  
  
 Thu Apr 19 2018 17:35:03 GMT-0300 (Hora oficial do Brasil)
